[29-Nov-2022 10:23:08 UTC] PHP Warning:  Undefined property: WP_Ajax_Upgrader_Skin::$api in C:\Users\nicho\Local Sites\hyphawordpress\app\public\wp-admin\includes\class-theme-upgrader.php on line 160
[29-Nov-2022 10:23:08 UTC] PHP Stack trace:
[29-Nov-2022 10:23:08 UTC] PHP   1. {main}() C:\Users\nicho\Local Sites\hyphawordpress\app\public\wp-admin\admin-ajax.php:0
[29-Nov-2022 10:23:08 UTC] PHP   2. do_action($hook_name = 'wp_ajax_install-theme') C:\Users\nicho\Local Sites\hyphawordpress\app\public\wp-admin\admin-ajax.php:188
[29-Nov-2022 10:23:08 UTC] PHP   3. WP_Hook->do_action($args = [0 => '']) C:\Users\nicho\Local Sites\hyphawordpress\app\public\wp-includes\plugin.php:517
[29-Nov-2022 10:23:08 UTC] PHP   4. WP_Hook->apply_filters($value = '', $args = [0 => '']) C:\Users\nicho\Local Sites\hyphawordpress\app\public\wp-includes\class-wp-hook.php:332
[29-Nov-2022 10:23:08 UTC] PHP   5. wp_ajax_install_theme('') C:\Users\nicho\Local Sites\hyphawordpress\app\public\wp-includes\class-wp-hook.php:308
[29-Nov-2022 10:23:08 UTC] PHP   6. Theme_Upgrader->install($package = 'https://downloads.wordpress.org/theme/blank-canvas.1.2.9.zip', $args = *uninitialized*) C:\Users\nicho\Local Sites\hyphawordpress\app\public\wp-admin\includes\ajax-actions.php:4174
[29-Nov-2022 10:23:08 UTC] PHP   7. WP_Upgrader->run($options = ['package' => 'https://downloads.wordpress.org/theme/blank-canvas.1.2.9.zip', 'destination' => 'C:\\Users\\nicho\\Local Sites\\hyphawordpress\\app\\public/wp-content/themes', 'clear_destination' => FALSE, 'clear_working' => TRUE, 'hook_extra' => ['type' => 'theme', 'action' => 'install']]) C:\Users\nicho\Local Sites\hyphawordpress\app\public\wp-admin\includes\class-theme-upgrader.php:250
[29-Nov-2022 10:23:08 UTC] PHP   8. WP_Upgrader->install_package($args = ['source' => 'C:/Users/nicho/Local Sites/hyphawordpress/app/public/wp-content/upgrade/blank-canvas.1.2.9', 'destination' => 'C:\\Users\\nicho\\Local Sites\\hyphawordpress\\app\\public/wp-content/themes', 'clear_destination' => FALSE, 'abort_if_destination_exists' => TRUE, 'clear_working' => TRUE, 'hook_extra' => ['type' => 'theme', 'action' => 'install']]) C:\Users\nicho\Local Sites\hyphawordpress\app\public\wp-admin\includes\class-wp-upgrader.php:799
[29-Nov-2022 10:23:08 UTC] PHP   9. apply_filters($hook_name = 'upgrader_post_install', $value = TRUE, ...$args = variadic(['type' => 'theme', 'action' => 'install'], ['source' => 'C:/Users/nicho/Local Sites/hyphawordpress/app/public/wp-content/upgrade/blank-canvas.1.2.9/blank-canvas/', 'source_files' => [0 => 'assets', 1 => 'functions.php', 2 => 'inc', 3 => 'languages', 4 => 'page.php', 5 => 'readme.txt', 6 => 'screenshot.png', 7 => 'single.php', 8 => 'style.css', 9 => 'template-parts', 10 => 'variables.css'], 'destination' => 'C:\\Users\\nicho\\Local Sites\\hyphawordpress\\app\\public/wp-content/themes/blank-canvas/', 'destination_name' => 'blank-canvas', 'local_destination' => 'C:\\Users\\nicho\\Local Sites\\hyphawordpress\\app\\public/wp-content/themes', 'remote_destination' => 'C:/Users/nicho/Local Sites/hyphawordpress/app/public/wp-content/themes/blank-canvas/', 'clear_destination' => FALSE])) C:\Users\nicho\Local Sites\hyphawordpress\app\public\wp-admin\includes\class-wp-upgrader.php:626
[29-Nov-2022 10:23:08 UTC] PHP  10. WP_Hook->apply_filters($value = TRUE, $args = [0 => TRUE, 1 => ['type' => 'theme', 'action' => 'install'], 2 => ['source' => 'C:/Users/nicho/Local Sites/hyphawordpress/app/public/wp-content/upgrade/blank-canvas.1.2.9/blank-canvas/', 'source_files' => [...], 'destination' => 'C:\\Users\\nicho\\Local Sites\\hyphawordpress\\app\\public/wp-content/themes/blank-canvas/', 'destination_name' => 'blank-canvas', 'local_destination' => 'C:\\Users\\nicho\\Local Sites\\hyphawordpress\\app\\public/wp-content/themes', 'remote_destination' => 'C:/Users/nicho/Local Sites/hyphawordpress/app/public/wp-content/themes/blank-canvas/', 'clear_destination' => FALSE]]) C:\Users\nicho\Local Sites\hyphawordpress\app\public\wp-includes\plugin.php:205
[29-Nov-2022 10:23:08 UTC] PHP  11. Theme_Upgrader->check_parent_theme_filter($install_result = TRUE, $hook_extra = ['type' => 'theme', 'action' => 'install'], $child_result = ['source' => 'C:/Users/nicho/Local Sites/hyphawordpress/app/public/wp-content/upgrade/blank-canvas.1.2.9/blank-canvas/', 'source_files' => [0 => 'assets', 1 => 'functions.php', 2 => 'inc', 3 => 'languages', 4 => 'page.php', 5 => 'readme.txt', 6 => 'screenshot.png', 7 => 'single.php', 8 => 'style.css', 9 => 'template-parts', 10 => 'variables.css'], 'destination' => 'C:\\Users\\nicho\\Local Sites\\hyphawordpress\\app\\public/wp-content/themes/blank-canvas/', 'destination_name' => 'blank-canvas', 'local_destination' => 'C:\\Users\\nicho\\Local Sites\\hyphawordpress\\app\\public/wp-content/themes', 'remote_destination' => 'C:/Users/nicho/Local Sites/hyphawordpress/app/public/wp-content/themes/blank-canvas/', 'clear_destination' => FALSE]) C:\Users\nicho\Local Sites\hyphawordpress\app\public\wp-includes\class-wp-hook.php:308
[29-Nov-2022 10:25:38 UTC] PHP Warning:  Attempt to read property "title" on null in C:\Users\nicho\Local Sites\hyphawordpress\app\public\wp-includes\class-wp-customize-widgets.php on line 900
[29-Nov-2022 10:25:38 UTC] PHP Stack trace:
[29-Nov-2022 10:25:38 UTC] PHP   1. {main}() C:\Users\nicho\Local Sites\hyphawordpress\app\public\wp-admin\customize.php:0
[29-Nov-2022 10:25:38 UTC] PHP   2. do_action($hook_name = 'customize_controls_print_footer_scripts') C:\Users\nicho\Local Sites\hyphawordpress\app\public\wp-admin\customize.php:292
[29-Nov-2022 10:25:38 UTC] PHP   3. WP_Hook->do_action($args = [0 => '']) C:\Users\nicho\Local Sites\hyphawordpress\app\public\wp-includes\plugin.php:517
[29-Nov-2022 10:25:38 UTC] PHP   4. WP_Hook->apply_filters($value = '', $args = [0 => '']) C:\Users\nicho\Local Sites\hyphawordpress\app\public\wp-includes\class-wp-hook.php:332
[29-Nov-2022 10:25:38 UTC] PHP   5. WP_Customize_Widgets->output_widget_control_templates('') C:\Users\nicho\Local Sites\hyphawordpress\app\public\wp-includes\class-wp-hook.php:308
[29-Nov-2022 10:26:24 UTC] PHP Warning:  Attempt to read property "title" on null in C:\Users\nicho\Local Sites\hyphawordpress\app\public\wp-includes\class-wp-customize-widgets.php on line 900
[29-Nov-2022 10:26:24 UTC] PHP Stack trace:
[29-Nov-2022 10:26:24 UTC] PHP   1. {main}() C:\Users\nicho\Local Sites\hyphawordpress\app\public\wp-admin\customize.php:0
[29-Nov-2022 10:26:24 UTC] PHP   2. do_action($hook_name = 'customize_controls_print_footer_scripts') C:\Users\nicho\Local Sites\hyphawordpress\app\public\wp-admin\customize.php:292
[29-Nov-2022 10:26:24 UTC] PHP   3. WP_Hook->do_action($args = [0 => '']) C:\Users\nicho\Local Sites\hyphawordpress\app\public\wp-includes\plugin.php:517
[29-Nov-2022 10:26:24 UTC] PHP   4. WP_Hook->apply_filters($value = '', $args = [0 => '']) C:\Users\nicho\Local Sites\hyphawordpress\app\public\wp-includes\class-wp-hook.php:332
[29-Nov-2022 10:26:24 UTC] PHP   5. WP_Customize_Widgets->output_widget_control_templates('') C:\Users\nicho\Local Sites\hyphawordpress\app\public\wp-includes\class-wp-hook.php:308
[29-Nov-2022 10:26:43 UTC] PHP Warning:  Attempt to read property "title" on null in C:\Users\nicho\Local Sites\hyphawordpress\app\public\wp-includes\class-wp-customize-widgets.php on line 900
[29-Nov-2022 10:26:43 UTC] PHP Stack trace:
[29-Nov-2022 10:26:43 UTC] PHP   1. {main}() C:\Users\nicho\Local Sites\hyphawordpress\app\public\wp-admin\customize.php:0
[29-Nov-2022 10:26:43 UTC] PHP   2. do_action($hook_name = 'customize_controls_print_footer_scripts') C:\Users\nicho\Local Sites\hyphawordpress\app\public\wp-admin\customize.php:292
[29-Nov-2022 10:26:43 UTC] PHP   3. WP_Hook->do_action($args = [0 => '']) C:\Users\nicho\Local Sites\hyphawordpress\app\public\wp-includes\plugin.php:517
[29-Nov-2022 10:26:43 UTC] PHP   4. WP_Hook->apply_filters($value = '', $args = [0 => '']) C:\Users\nicho\Local Sites\hyphawordpress\app\public\wp-includes\class-wp-hook.php:332
[29-Nov-2022 10:26:43 UTC] PHP   5. WP_Customize_Widgets->output_widget_control_templates('') C:\Users\nicho\Local Sites\hyphawordpress\app\public\wp-includes\class-wp-hook.php:308
